0 info it worked if it ends with ok
1 verbose cli [ 'node', '/usr/bin/npm', 'install', '-g', 'bower' ]
2 info using npm@2.14.14
3 info using node@v0.10.41
4 verbose node symlink /usr/bin/node
5 verbose install initial load of /usr/lib/package.json
6 verbose readDependencies loading dependencies from /usr/lib/package.json
7 silly cache add args [ 'bower', null ]
8 verbose cache add spec bower
9 silly cache add parsed spec { raw: 'bower',
9 silly cache add   scope: null,
9 silly cache add   name: 'bower',
9 silly cache add   rawSpec: '',
9 silly cache add   spec: 'latest',
9 silly cache add   type: 'tag' }
10 silly addNamed bower@latest
11 verbose addNamed "latest" is being treated as a dist-tag for bower
12 info addNameTag [ 'bower', 'latest' ]
13 silly mapToRegistry name bower
14 silly mapToRegistry using default registry
15 silly mapToRegistry registry https://registry.npmjs.org/
16 silly mapToRegistry uri https://registry.npmjs.org/bower
17 verbose addNameTag registry:https://registry.npmjs.org/bower not in flight; fetching
18 verbose request uri https://registry.npmjs.org/bower
19 verbose request no auth needed
20 info attempt registry request try #1 at 11:40:14
21 verbose request id d5f393365048257d
22 verbose etag "BPFNHBH6PE5ORNG3AQJ0KD3AN"
23 http request GET https://registry.npmjs.org/bower
24 http 200 https://registry.npmjs.org/bower
25 verbose headers { server: 'CouchDB/1.5.0 (Erlang OTP/R16B03)',
25 verbose headers   etag: '"42C9WESJFE6XMC6MM1FQUNLUJ"',
25 verbose headers   'content-type': 'application/json',
25 verbose headers   'cache-control': 'max-age=300',
25 verbose headers   'content-length': '168818',
25 verbose headers   'accept-ranges': 'bytes',
25 verbose headers   date: 'Sun, 31 Jan 2016 09:40:15 GMT',
25 verbose headers   via: '1.1 varnish',
25 verbose headers   age: '185',
25 verbose headers   connection: 'keep-alive',
25 verbose headers   'x-served-by': 'cache-fra1242-FRA',
25 verbose headers   'x-cache': 'HIT',
25 verbose headers   'x-cache-hits': '2',
25 verbose headers   'x-timer': 'S1454233215.168055,VS0,VE0',
25 verbose headers   vary: 'Accept' }
26 silly get cb [ 200,
26 silly get   { server: 'CouchDB/1.5.0 (Erlang OTP/R16B03)',
26 silly get     etag: '"42C9WESJFE6XMC6MM1FQUNLUJ"',
26 silly get     'content-type': 'application/json',
26 silly get     'cache-control': 'max-age=300',
26 silly get     'content-length': '168818',
26 silly get     'accept-ranges': 'bytes',
26 silly get     date: 'Sun, 31 Jan 2016 09:40:15 GMT',
26 silly get     via: '1.1 varnish',
26 silly get     age: '185',
26 silly get     connection: 'keep-alive',
26 silly get     'x-served-by': 'cache-fra1242-FRA',
26 silly get     'x-cache': 'HIT',
26 silly get     'x-cache-hits': '2',
26 silly get     'x-timer': 'S1454233215.168055,VS0,VE0',
26 silly get     vary: 'Accept' } ]
27 verbose get saving bower to /home/illcko/.npm/registry.npmjs.org/bower/.cache.json
28 silly addNameTag next cb for bower with tag latest
29 silly addNamed bower@1.7.7
30 verbose addNamed "1.7.7" is a plain semver version for bower
31 silly mapToRegistry name bower
32 silly mapToRegistry using default registry
33 silly mapToRegistry registry https://registry.npmjs.org/
34 silly mapToRegistry uri https://registry.npmjs.org/bower
35 verbose addRemoteTarball https://registry.npmjs.org/bower/-/bower-1.7.7.tgz not in flight; adding
36 verbose addRemoteTarball [ 'https://registry.npmjs.org/bower/-/bower-1.7.7.tgz',
36 verbose addRemoteTarball   '2fd7ff3ebdcba5a8ffcd84c397c8fdfe9f825f92' ]
37 info retry fetch attempt 1 at 11:40:15
38 info attempt registry request try #1 at 11:40:15
39 http fetch GET https://registry.npmjs.org/bower/-/bower-1.7.7.tgz
40 http fetch 200 https://registry.npmjs.org/bower/-/bower-1.7.7.tgz
41 silly fetchAndShaCheck shasum 2fd7ff3ebdcba5a8ffcd84c397c8fdfe9f825f92
42 verbose addTmpTarball /tmp/npm-19105-a55dab90/registry.npmjs.org/bower/-/bower-1.7.7.tgz not in flight; adding
43 verbose addTmpTarball already have metadata; skipping unpack for bower@1.7.7
44 silly cache afterAdd bower@1.7.7
45 verbose afterAdd /home/illcko/.npm/bower/1.7.7/package/package.json not in flight; writing
46 verbose afterAdd /home/illcko/.npm/bower/1.7.7/package/package.json written
47 silly install resolved [ { name: 'bower',
47 silly install resolved     version: '1.7.7',
47 silly install resolved     description: 'The browser package manager',
47 silly install resolved     author: { name: 'Twitter' },
47 silly install resolved     license: 'MIT',
47 silly install resolved     repository: { type: 'git', url: 'git+https://github.com/bower/bower.git' },
47 silly install resolved     main: 'lib',
47 silly install resolved     bin: { bower: 'bin/bower' },
47 silly install resolved     homepage: 'http://bower.io',
47 silly install resolved     engines: { node: '>=0.10.0' },
47 silly install resolved     keywords: [ 'bower' ],
47 silly install resolved     files: [ 'bin', 'lib' ],
47 silly install resolved     bugs: { url: 'https://github.com/bower/bower/issues' },
47 silly install resolved     _id: 'bower@1.7.7',
47 silly install resolved     scripts: {},
47 silly install resolved     _shasum: '2fd7ff3ebdcba5a8ffcd84c397c8fdfe9f825f92',
47 silly install resolved     _from: 'bower@latest',
47 silly install resolved     _npmVersion: '3.5.3',
47 silly install resolved     _nodeVersion: '4.1.1',
47 silly install resolved     _npmUser: { name: 'sheerun', email: 'sheerun@sher.pl' },
47 silly install resolved     dist:
47 silly install resolved      { shasum: '2fd7ff3ebdcba5a8ffcd84c397c8fdfe9f825f92',
47 silly install resolved        tarball: 'http://registry.npmjs.org/bower/-/bower-1.7.7.tgz' },
47 silly install resolved     maintainers:
47 silly install resolved      [ [Object],
47 silly install resolved        [Object],
47 silly install resolved        [Object],
47 silly install resolved        [Object],
47 silly install resolved        [Object],
47 silly install resolved        [Object],
47 silly install resolved        [Object] ],
47 silly install resolved     directories: {},
47 silly install resolved     _resolved: 'https://registry.npmjs.org/bower/-/bower-1.7.7.tgz' } ]
48 info install bower@1.7.7 into /usr/lib
49 info installOne bower@1.7.7
50 verbose installOne of bower to /usr/lib not in flight; installing
51 verbose lock using /home/illcko/.npm/_locks/bower-f46d670cb56ecd4d.lock for /usr/lib/node_modules/bower
52 silly install write writing bower 1.7.7 to /usr/lib/node_modules/bower
53 verbose unbuild lib/node_modules/bower
54 info preuninstall bower@1.7.2
55 info uninstall bower@1.7.2
56 verbose unbuild rmStuff bower@1.7.2 from /usr/lib/node_modules
57 silly gentlyRm /usr/bin/bower is being gently removed
58 silly gentlyRm verifying /usr is an npm working directory
59 silly gentlyRm containing path /usr is under npm's control, in /usr
60 silly gentlyRm deletion target /usr/bin/bower is under /usr
61 verbose gentlyRm vacuuming from /usr/bin/bower up to /usr
62 silly vacuum-fs removing /usr/bin/bower
63 verbose unlock done using /home/illcko/.npm/_locks/bower-f46d670cb56ecd4d.lock for /usr/lib/node_modules/bower
64 verbose stack Error: EACCES, unlink '/usr/bin/bower'
65 verbose cwd /home/illcko/TrainingCentr/application/src/main/webapp
66 error Linux 3.16.0-53-generic
67 error argv "node" "/usr/bin/npm" "install" "-g" "bower"
68 error node v0.10.41
69 error npm  v2.14.14
70 error path /usr/bin/bower
71 error code EACCES
72 error errno 3
73 error Error: EACCES, unlink '/usr/bin/bower'
73 error  { [Error: EACCES, unlink '/usr/bin/bower'] errno: 3, code: 'EACCES', path: '/usr/bin/bower' }
74 error Please try running this command again as root/Administrator.
75 verbose exit [ 3, true ]
76 verbose unbuild lib/node_modules/bower
77 info preuninstall bower@1.7.2
78 info uninstall bower@1.7.2
79 verbose unbuild rmStuff bower@1.7.2 from /usr/lib/node_modules
80 silly gentlyRm /usr/bin/bower is being gently removed
81 silly gentlyRm verifying /usr is an npm working directory
82 silly gentlyRm containing path /usr is under npm's control, in /usr
83 silly gentlyRm deletion target /usr/bin/bower is under /usr
84 verbose gentlyRm vacuuming from /usr/bin/bower up to /usr
85 silly vacuum-fs removing /usr/bin/bower
86 error error rolling back Error: EACCES, unlink '/usr/bin/bower'
86 error error rolling back  { [Error: EACCES, unlink '/usr/bin/bower'] errno: 3, code: 'EACCES', path: '/usr/bin/bower' }
